<?xml version="1.0" encoding="UTF-8"?>
<!-- Generated by org.testng.reporters.JUnitReportReporter -->
<testsuite hostname="ININTDT115313" name="com.demo.testcases.CheckOutTest" tests="1" failures="0" timestamp="27 Jun 2018 12:55:45 GMT" time="41.945" errors="0">
  <testcase name="prescribeAndCheckout" time="41.945" classname="com.demo.testcases.CheckOutTest"/>
</testsuite> <!-- com.demo.testcases.CheckOutTest -->
