<?xml version="1.0" encoding="UTF-8"?>
<!-- Generated by org.testng.reporters.JUnitReportReporter -->
<testsuite hostname="ININTDT115313" name="com.demo.testcases.CheckoutTestcases" tests="1" failures="0" timestamp="26 Jun 2018 13:46:08 GMT" time="25.245" errors="0">
  <testcase name="TestCase1" time="25.245" classname="com.demo.testcases.CheckoutTestcases"/>
</testsuite> <!-- com.demo.testcases.CheckoutTestcases -->
